--------------------------------------------------------------------------------
[08 Apr 2022, 6:07:00.6 pm:ERROR:refill_unblinded_tokens.cc(194)] Failed to get signed tokens
[08 Apr 2022, 6:32:02.2 pm:ERROR:publisher.cc(774)] Publisher info not found
[08 Apr 2022, 6:32:09.5 pm:ERROR:publisher.cc(774)] Publisher info not found
[08 Apr 2022, 6:32:32.0 pm:ERROR:publisher.cc(774)] Publisher info not found
[08 Apr 2022, 6:38:23.0 pm:ERROR:publisher.cc(774)] Publisher info not found
[08 Apr 2022, 6:40:23.2 pm:ERROR:publisher.cc(774)] Publisher info not found
[08 Apr 2022, 6:41:15.6 pm:ERROR:publisher.cc(774)] Publisher info not found
[08 Apr 2022, 6:41:23.1 pm:ERROR:publisher.cc(774)] Publisher info not found
[08 Apr 2022, 7:00:20.8 pm:ERROR:publisher.cc(774)] Publisher info not found
[08 Apr 2022, 7:00:20.8 pm:ERROR:publisher.cc(774)] Publisher info not found
[08 Apr 2022, 7:35:25.1 pm:ERROR:publisher.cc(774)] Publisher info not found
[08 Apr 2022, 7:42:53.3 pm:ERROR:publisher.cc(774)] Publisher info not found
--------------------------------------------------------------------------------
[08 Apr 2022, 8:22:31.9 pm:ERROR:publisher.cc(774)] Publisher info not found
[08 Apr 2022, 8:22:31.9 pm:ERROR:publisher.cc(774)] Publisher info not found
[08 Apr 2022, 8:22:58.0 pm:ERROR:publisher.cc(774)] Publisher info not found
[08 Apr 2022, 8:22:58.0 pm:ERROR:publisher.cc(774)] Publisher info not found
[08 Apr 2022, 8:23:17.1 pm:ERROR:publisher.cc(774)] Publisher info not found
[08 Apr 2022, 8:23:17.1 pm:ERROR:publisher.cc(774)] Publisher info not found
[08 Apr 2022, 8:32:54.4 pm:ERROR:refill_unblinded_tokens.cc(194)] Failed to get signed tokens
[08 Apr 2022, 8:43:35.8 pm:ERROR:publisher.cc(774)] Publisher info not found
[08 Apr 2022, 8:53:00.9 pm:ERROR:publisher.cc(774)] Publisher info not found
[08 Apr 2022, 9:14:50.9 pm:ERROR:publisher.cc(774)] Publisher info not found
--------------------------------------------------------------------------------
[08 Apr 2022, 9:19:47.4 pm:ERROR:publisher.cc(774)] Publisher info not found
[08 Apr 2022, 9:21:47.8 pm:ERROR:publisher.cc(774)] Publisher info not found
[08 Apr 2022, 9:45:26.8 pm:ERROR:publisher.cc(774)] Publisher info not found
--------------------------------------------------------------------------------
[09 Apr 2022, 3:11:31.5 pm:ERROR:publisher.cc(774)] Publisher info not found
[09 Apr 2022, 3:11:49.4 pm:ERROR:publisher.cc(774)] Publisher info not found
[09 Apr 2022, 3:13:01.0 pm:ERROR:publisher.cc(774)] Publisher info not found
[09 Apr 2022, 3:13:01.0 pm:ERROR:publisher.cc(774)] Publisher info not found
[09 Apr 2022, 3:17:43.1 pm:ERROR:publisher.cc(774)] Publisher info not found
[09 Apr 2022, 3:17:43.1 pm:ERROR:publisher.cc(774)] Publisher info not found
[09 Apr 2022, 3:17:47.4 pm:ERROR:publisher.cc(774)] Publisher info not found
[09 Apr 2022, 3:17:47.4 pm:ERROR:publisher.cc(774)] Publisher info not found
[09 Apr 2022, 3:18:09.5 pm:ERROR:publisher.cc(774)] Publisher info not found
[09 Apr 2022, 3:18:09.5 pm:ERROR:publisher.cc(774)] Publisher info not found
[09 Apr 2022, 3:18:15.8 pm:ERROR:publisher.cc(774)] Publisher info not found
[09 Apr 2022, 3:25:38.4 pm:ERROR:publisher.cc(845)] Failed to retrieve publisher info while updating media duration
[09 Apr 2022, 3:25:38.5 pm:ERROR:publisher.cc(774)] Publisher info not found
--------------------------------------------------------------------------------
[09 Apr 2022, 3:27:15.8 pm:ERROR:publisher.cc(774)] Publisher info not found
[09 Apr 2022, 3:27:15.8 pm:ERROR:publisher.cc(774)] Publisher info not found
--------------------------------------------------------------------------------
[09 Apr 2022, 3:33:17.0 pm:ERROR:publisher.cc(774)] Publisher info not found
[09 Apr 2022, 3:33:17.0 pm:ERROR:publisher.cc(774)] Publisher info not found
[09 Apr 2022, 3:54:19.9 pm:ERROR:publisher.cc(774)] Publisher info not found
[09 Apr 2022, 3:56:52.8 pm:ERROR:publisher.cc(774)] Publisher info not found
[09 Apr 2022, 4:51:17.6 pm:ERROR:publisher.cc(774)] Publisher info not found
[09 Apr 2022, 4:52:48.7 pm:ERROR:publisher.cc(774)] Publisher info not found
[09 Apr 2022, 5:02:21.1 pm:ERROR:publisher.cc(774)] Publisher info not found
[09 Apr 2022, 5:06:56.7 pm:ERROR:publisher.cc(774)] Publisher info not found
[09 Apr 2022, 5:10:07.1 pm:ERROR:publisher.cc(774)] Publisher info not found
[09 Apr 2022, 5:10:29.7 pm:ERROR:publisher.cc(774)] Publisher info not found
--------------------------------------------------------------------------------
[09 Apr 2022, 5:25:26.2 pm:ERROR:publisher.cc(774)] Publisher info not found
[09 Apr 2022, 5:27:57.0 pm:ERROR:publisher.cc(774)] Publisher info not found
[09 Apr 2022, 5:43:22.0 pm:ERROR:publisher.cc(774)] Publisher info not found
[09 Apr 2022, 5:51:31.0 pm:ERROR:publisher.cc(774)] Publisher info not found
[09 Apr 2022, 5:52:04.0 pm:ERROR:publisher.cc(774)] Publisher info not found
[09 Apr 2022, 5:54:48.1 pm:ERROR:publisher.cc(774)] Publisher info not found
[09 Apr 2022, 5:55:22.5 pm:ERROR:publisher.cc(774)] Publisher info not found
[09 Apr 2022, 6:01:45.7 pm:ERROR:refill_unblinded_tokens.cc(194)] Failed to get signed tokens
[09 Apr 2022, 6:02:22.9 pm:ERROR:refill_unblinded_tokens.cc(194)] Failed to get signed tokens
[09 Apr 2022, 6:03:39.6 pm:ERROR:publisher.cc(774)] Publisher info not found
[09 Apr 2022, 6:06:03.9 pm:ERROR:publisher.cc(774)] Publisher info not found
[09 Apr 2022, 6:07:44.6 pm:ERROR:publisher.cc(774)] Publisher info not found
[09 Apr 2022, 6:08:05.6 pm:ERROR:publisher.cc(774)] Publisher info not found
[09 Apr 2022, 6:18:11.5 pm:ERROR:publisher.cc(774)] Publisher info not found
[09 Apr 2022, 6:19:06.6 pm:ERROR:publisher.cc(774)] Publisher info not found
--------------------------------------------------------------------------------
[10 Apr 2022, 8:10:50.9 pm:ERROR:publisher.cc(774)] Publisher info not found
[10 Apr 2022, 8:13:30.5 pm:ERROR:publisher.cc(774)] Publisher info not found
[10 Apr 2022, 8:13:57.5 pm:ERROR:publisher.cc(774)] Publisher info not found
[10 Apr 2022, 8:14:09.1 pm:ERROR:publisher.cc(774)] Publisher info not found
[10 Apr 2022, 8:55:09.5 pm:ERROR:publisher.cc(774)] Publisher info not found
[10 Apr 2022, 8:55:21.0 pm:ERROR:publisher.cc(774)] Publisher info not found
[10 Apr 2022, 8:56:21.6 pm:ERROR:publisher.cc(774)] Publisher info not found
[10 Apr 2022, 9:10:55.8 pm:ERROR:publisher.cc(774)] Publisher info not found
--------------------------------------------------------------------------------
[11 Apr 2022, 6:15:51.3 pm:ERROR:publisher.cc(774)] Publisher info not found
[11 Apr 2022, 6:17:24.6 pm:ERROR:publisher.cc(774)] Publisher info not found
[11 Apr 2022, 6:18:35.3 pm:ERROR:publisher.cc(774)] Publisher info not found
[11 Apr 2022, 6:19:19.4 pm:ERROR:publisher.cc(774)] Publisher info not found
[11 Apr 2022, 6:35:15.8 pm:ERROR:publisher.cc(774)] Publisher info not found
[11 Apr 2022, 6:35:28.9 pm:ERROR:publisher.cc(774)] Publisher info not found
[11 Apr 2022, 6:36:31.8 pm:ERROR:publisher.cc(774)] Publisher info not found
[11 Apr 2022, 6:37:00.0 pm:ERROR:publisher.cc(774)] Publisher info not found
[11 Apr 2022, 6:42:09.7 pm:ERROR:publisher.cc(774)] Publisher info not found
[11 Apr 2022, 6:42:45.8 pm:ERROR:publisher.cc(774)] Publisher info not found
[11 Apr 2022, 7:10:46.6 pm:ERROR:publisher.cc(774)] Publisher info not found
[11 Apr 2022, 7:10:46.6 pm:ERROR:publisher.cc(774)] Publisher info not found
[11 Apr 2022, 7:12:54.9 pm:ERROR:publisher.cc(774)] Publisher info not found
[11 Apr 2022, 7:12:54.9 pm:ERROR:publisher.cc(774)] Publisher info not found
[11 Apr 2022, 7:12:55.8 pm:ERROR:publisher.cc(774)] Publisher info not found
[11 Apr 2022, 7:18:38.2 pm:ERROR:publisher.cc(774)] Publisher info not found
[11 Apr 2022, 7:19:49.8 pm:ERROR:publisher.cc(774)] Publisher info not found
[11 Apr 2022, 7:47:25.7 pm:ERROR:publisher.cc(774)] Publisher info not found
[11 Apr 2022, 7:57:21.4 pm:ERROR:publisher.cc(774)] Publisher info not found
[11 Apr 2022, 7:57:21.4 pm:ERROR:publisher.cc(774)] Publisher info not found
--------------------------------------------------------------------------------
[11 Apr 2022, 8:01:52.3 pm:ERROR:refill_unblinded_tokens.cc(194)] Failed to get signed tokens
[11 Apr 2022, 8:06:15.3 pm:ERROR:publisher.cc(774)] Publisher info not found
[11 Apr 2022, 8:08:18.6 pm:ERROR:publisher.cc(774)] Publisher info not found
[11 Apr 2022, 8:08:58.7 pm:ERROR:publisher.cc(774)] Publisher info not found
[11 Apr 2022, 8:10:18.5 pm:ERROR:publisher.cc(774)] Publisher info not found
[11 Apr 2022, 8:13:36.9 pm:ERROR:publisher.cc(774)] Publisher info not found
[11 Apr 2022, 8:13:48.6 pm:ERROR:publisher.cc(774)] Publisher info not found
[11 Apr 2022, 8:19:33.3 pm:ERROR:publisher.cc(774)] Publisher info not found
[11 Apr 2022, 8:26:29.6 pm:ERROR:publisher.cc(774)] Publisher info not found
[11 Apr 2022, 8:43:06.6 pm:ERROR:publisher.cc(774)] Publisher info not found
[11 Apr 2022, 8:44:03.1 pm:ERROR:publisher.cc(774)] Publisher info not found
[11 Apr 2022, 8:50:15.2 pm:ERROR:publisher.cc(774)] Publisher info not found
[11 Apr 2022, 8:51:06.9 pm:ERROR:publisher.cc(774)] Publisher info not found
[11 Apr 2022, 8:54:23.4 pm:ERROR:publisher.cc(774)] Publisher info not found
--------------------------------------------------------------------------------
[11 Apr 2022, 9:17:23.3 pm:ERROR:publisher.cc(774)] Publisher info not found
[11 Apr 2022, 9:18:02.7 pm:ERROR:publisher.cc(774)] Publisher info not found
[11 Apr 2022, 9:19:05.7 pm:ERROR:publisher.cc(774)] Publisher info not found
[11 Apr 2022, 9:24:34.0 pm:ERROR:publisher.cc(774)] Publisher info not found
[11 Apr 2022, 9:33:38.5 pm:ERROR:publisher.cc(774)] Publisher info not found
--------------------------------------------------------------------------------
[12 Apr 2022, 10:03:40.0 am:ERROR:creative_new_tab_page_ads_database_table.cc(580)] Failed to get creative new tab page ad
[12 Apr 2022, 10:12:28.5 am:ERROR:creative_new_tab_page_ads_database_table.cc(580)] Failed to get creative new tab page ad
[12 Apr 2022, 10:16:24.5 am:ERROR:publisher.cc(774)] Publisher info not found
[12 Apr 2022, 10:17:33.6 am:ERROR:publisher.cc(774)] Publisher info not found
[12 Apr 2022, 10:19:40.1 am:ERROR:publisher.cc(774)] Publisher info not found
[12 Apr 2022, 10:22:29.1 am:ERROR:creative_new_tab_page_ads_database_table.cc(580)] Failed to get creative new tab page ad
[12 Apr 2022, 10:22:38.4 am:ERROR:publisher.cc(774)] Publisher info not found
[12 Apr 2022, 10:23:23.5 am:ERROR:publisher.cc(774)] Publisher info not found
[12 Apr 2022, 10:26:31.9 am:ERROR:publisher.cc(774)] Publisher info not found
[12 Apr 2022, 10:28:17.6 am:ERROR:publisher.cc(774)] Publisher info not found
[12 Apr 2022, 10:29:30.8 am:ERROR:publisher.cc(774)] Publisher info not found
[12 Apr 2022, 10:31:25.0 am:ERROR:publisher.cc(774)] Publisher info not found
[12 Apr 2022, 10:35:36.1 am:ERROR:publisher.cc(774)] Publisher info not found
[12 Apr 2022, 10:35:37.2 am:ERROR:creative_new_tab_page_ads_database_table.cc(580)] Failed to get creative new tab page ad
[12 Apr 2022, 10:52:58.1 am:ERROR:creative_new_tab_page_ads_database_table.cc(580)] Failed to get creative new tab page ad
[12 Apr 2022, 10:59:40.0 am:ERROR:publisher.cc(774)] Publisher info not found
[12 Apr 2022, 11:20:53.6 am:ERROR:creative_new_tab_page_ads_database_table.cc(580)] Failed to get creative new tab page ad
[12 Apr 2022, 11:27:45.2 am:ERROR:publisher.cc(774)] Publisher info not found
[12 Apr 2022, 11:27:51.0 am:ERROR:publisher.cc(774)] Publisher info not found
[12 Apr 2022, 11:32:54.0 am:ERROR:publisher.cc(774)] Publisher info not found
[12 Apr 2022, 11:39:48.1 am:ERROR:publisher.cc(774)] Publisher info not found
[12 Apr 2022, 11:42:32.3 am:ERROR:creative_new_tab_page_ads_database_table.cc(580)] Failed to get creative new tab page ad
--------------------------------------------------------------------------------
[12 Apr 2022, 7:21:46.2 pm:ERROR:publisher.cc(774)] Publisher info not found
[12 Apr 2022, 8:02:40.7 pm:ERROR:publisher.cc(774)] Publisher info not found
[12 Apr 2022, 8:08:35.6 pm:ERROR:publisher.cc(774)] Publisher info not found
[12 Apr 2022, 8:08:45.4 pm:ERROR:publisher.cc(774)] Publisher info not found
[12 Apr 2022, 8:18:39.3 pm:ERROR:publisher.cc(774)] Publisher info not found
[12 Apr 2022, 8:19:06.1 pm:ERROR:publisher.cc(774)] Publisher info not found
[12 Apr 2022, 8:19:47.4 pm:ERROR:publisher.cc(774)] Publisher info not found
[12 Apr 2022, 8:19:51.5 pm:ERROR:publisher.cc(774)] Publisher info not found
[12 Apr 2022, 8:19:59.5 pm:ERROR:publisher.cc(774)] Publisher info not found
[12 Apr 2022, 8:20:30.5 pm:ERROR:publisher.cc(774)] Publisher info not found
[12 Apr 2022, 8:26:04.3 pm:ERROR:publisher.cc(774)] Publisher info not found
--------------------------------------------------------------------------------
[12 Apr 2022, 8:54:36.1 pm:ERROR:publisher.cc(774)] Publisher info not found
[12 Apr 2022, 9:24:17.7 pm:ERROR:publisher.cc(774)] Publisher info not found
--------------------------------------------------------------------------------
[13 Apr 2022, 4:25:58.2 pm:ERROR:publisher.cc(774)] Publisher info not found
[13 Apr 2022, 4:27:04.7 pm:ERROR:publisher.cc(774)] Publisher info not found
[13 Apr 2022, 4:36:09.1 pm:ERROR:refill_unblinded_tokens.cc(194)] Failed to get signed tokens
--------------------------------------------------------------------------------
[13 Apr 2022, 4:53:50.0 pm:ERROR:publisher.cc(774)] Publisher info not found
[13 Apr 2022, 5:25:38.0 pm:ERROR:publisher.cc(774)] Publisher info not found
[13 Apr 2022, 5:26:03.0 pm:ERROR:publisher.cc(774)] Publisher info not found
[13 Apr 2022, 5:26:03.0 pm:ERROR:publisher.cc(774)] Publisher info not found
[13 Apr 2022, 5:28:39.8 pm:ERROR:publisher.cc(774)] Publisher info not found
[13 Apr 2022, 5:52:40.7 pm:ERROR:publisher.cc(774)] Publisher info not found
[13 Apr 2022, 6:24:19.9 pm:ERROR:publisher.cc(774)] Publisher info not found
[13 Apr 2022, 6:31:20.5 pm:ERROR:publisher.cc(774)] Publisher info not found
[13 Apr 2022, 6:31:20.5 pm:ERROR:publisher.cc(774)] Publisher info not found
[13 Apr 2022, 6:36:26.4 pm:ERROR:publisher.cc(774)] Publisher info not found
[13 Apr 2022, 6:37:29.8 pm:ERROR:publisher.cc(774)] Publisher info not found
[13 Apr 2022, 6:37:29.8 pm:ERROR:publisher.cc(774)] Publisher info not found
[13 Apr 2022, 6:38:54.2 pm:ERROR:publisher.cc(774)] Publisher info not found
[13 Apr 2022, 6:39:03.5 pm:ERROR:publisher.cc(774)] Publisher info not found
[13 Apr 2022, 6:44:47.7 pm:ERROR:publisher.cc(774)] Publisher info not found
[13 Apr 2022, 6:45:08.7 pm:ERROR:publisher.cc(774)] Publisher info not found
[13 Apr 2022, 6:49:50.3 pm:ERROR:publisher.cc(774)] Publisher info not found
[13 Apr 2022, 6:50:32.8 pm:ERROR:publisher.cc(774)] Publisher info not found
[13 Apr 2022, 6:50:56.2 pm:ERROR:publisher.cc(774)] Publisher info not found
[13 Apr 2022, 6:51:10.3 pm:ERROR:publisher.cc(774)] Publisher info not found
[13 Apr 2022, 6:51:47.3 pm:ERROR:publisher.cc(774)] Publisher info not found
[13 Apr 2022, 6:57:33.7 pm:ERROR:publisher.cc(774)] Publisher info not found
[13 Apr 2022, 6:59:18.4 pm:ERROR:publisher.cc(774)] Publisher info not found
[13 Apr 2022, 6:59:18.4 pm:ERROR:publisher.cc(774)] Publisher info not found
[13 Apr 2022, 7:10:27.4 pm:ERROR:publisher.cc(774)] Publisher info not found
[13 Apr 2022, 7:11:54.4 pm:ERROR:publisher.cc(774)] Publisher info not found
[13 Apr 2022, 7:15:59.8 pm:ERROR:publisher.cc(774)] Publisher info not found
[13 Apr 2022, 7:44:03.4 pm:ERROR:publisher.cc(774)] Publisher info not found
[13 Apr 2022, 7:46:58.5 pm:ERROR:publisher.cc(774)] Publisher info not found
[13 Apr 2022, 7:53:25.5 pm:ERROR:publisher.cc(774)] Publisher info not found
--------------------------------------------------------------------------------
[14 Apr 2022, 5:52:23.5 pm:ERROR:publisher.cc(774)] Publisher info not found
[14 Apr 2022, 5:59:22.9 pm:ERROR:publisher.cc(774)] Publisher info not found
[14 Apr 2022, 5:59:22.9 pm:ERROR:publisher.cc(774)] Publisher info not found
[14 Apr 2022, 6:36:37.5 pm:ERROR:publisher.cc(774)] Publisher info not found
[14 Apr 2022, 6:36:37.5 pm:ERROR:publisher.cc(774)] Publisher info not found
[14 Apr 2022, 6:38:15.6 pm:ERROR:publisher.cc(774)] Publisher info not found
[14 Apr 2022, 6:38:15.6 pm:ERROR:publisher.cc(774)] Publisher info not found
--------------------------------------------------------------------------------
[14 Apr 2022, 7:04:33.1 pm:ERROR:publisher.cc(774)] Publisher info not found
[14 Apr 2022, 7:04:33.1 pm:ERROR:publisher.cc(774)] Publisher info not found
--------------------------------------------------------------------------------
[14 Apr 2022, 7:50:26.4 pm:ERROR:publisher.cc(774)] Publisher info not found
[14 Apr 2022, 7:53:24.4 pm:ERROR:publisher.cc(774)] Publisher info not found
[14 Apr 2022, 7:57:17.1 pm:ERROR:publisher.cc(774)] Publisher info not found
[14 Apr 2022, 8:14:09.1 pm:ERROR:publisher.cc(774)] Publisher info not found
[14 Apr 2022, 8:15:36.1 pm:ERROR:publisher.cc(774)] Publisher info not found
[14 Apr 2022, 8:21:59.2 pm:ERROR:publisher.cc(774)] Publisher info not found
[14 Apr 2022, 8:26:36.1 pm:ERROR:publisher.cc(774)] Publisher info not found
[14 Apr 2022, 8:26:40.8 pm:ERROR:publisher.cc(774)] Publisher info not found
[14 Apr 2022, 8:36:38.1 pm:ERROR:publisher.cc(774)] Publisher info not found
[14 Apr 2022, 8:38:41.6 pm:ERROR:publisher.cc(774)] Publisher info not found
[14 Apr 2022, 8:39:13.0 pm:ERROR:publisher.cc(774)] Publisher info not found
[14 Apr 2022, 8:44:37.0 pm:ERROR:publisher.cc(774)] Publisher info not found
[14 Apr 2022, 8:45:59.0 pm:ERROR:publisher.cc(774)] Publisher info not found
[14 Apr 2022, 8:48:20.3 pm:ERROR:publisher.cc(774)] Publisher info not found
[14 Apr 2022, 8:51:42.4 pm:ERROR:publisher.cc(774)] Publisher info not found
[14 Apr 2022, 8:51:42.4 pm:ERROR:publisher.cc(774)] Publisher info not found
[14 Apr 2022, 8:51:44.9 pm:ERROR:publisher.cc(774)] Publisher info not found
[14 Apr 2022, 8:51:44.9 pm:ERROR:publisher.cc(774)] Publisher info not found
[14 Apr 2022, 9:14:04.8 pm:ERROR:publisher.cc(774)] Publisher info not found
[14 Apr 2022, 9:14:04.8 pm:ERROR:publisher.cc(774)] Publisher info not found
